<?xml version="1.0" encoding="UTF-8"?>
<!-- Generated by org.testng.reporters.JUnitReportReporter -->
<testsuite hostname="IBM-BH4GDN3" failures="0" tests="1" name="tests.TestOrangeHRMApp" time="2.676" errors="0" timestamp="2023-04-20T12:16:40 IST" skipped="0">
  <testcase classname="tests.TestOrangeHRMApp" name="test_OrangeHRM_Loginpage" time="2.676"/>
  <system-out/>
</testsuite> <!-- tests.TestOrangeHRMApp -->
